<?xml version="1.0" encoding="UTF-8"?>
<testng-results ignored="0" total="1" passed="1" failed="0" skipped="0">
  <reporter-output>
  </reporter-output>
  <suite started-at="2022-05-13T14:29:33Z" name="Default suite" finished-at="2022-05-13T14:31:03Z" duration-ms="89953">
    <groups>
    </groups>
    <test started-at="2022-05-13T14:29:33Z" name="Default test" finished-at="2022-05-13T14:31:03Z" duration-ms="89953">
      <class name="tests.NewTest">
        <test-method is-config="true" signature="setup()[pri:0, instance:tests.NewTest@16b2bb0c]" started-at="2022-05-13T14:29:33Z" name="setup" finished-at="2022-05-13T14:29:41Z" duration-ms="7942" status="PASS">
          <reporter-output>
          </reporter-output>
        </test-method> <!-- setup -->
        <test-method signature="fnAddProductToCart()[pri:0, instance:tests.NewTest@16b2bb0c]" started-at="2022-05-13T14:29:41Z" name="fnAddProductToCart" finished-at="2022-05-13T14:31:02Z" duration-ms="81291" status="PASS">
          <reporter-output>
          </reporter-output>
        </test-method> <!-- fnAddProductToCart -->
        <test-method is-config="true" signature="teardown()[pri:0, instance:tests.NewTest@16b2bb0c]" started-at="2022-05-13T14:31:02Z" name="teardown" finished-at="2022-05-13T14:31:03Z" duration-ms="696" status="PASS">
          <reporter-output>
          </reporter-output>
        </test-method> <!-- teardown -->
      </class> <!-- tests.NewTest -->
    </test> <!-- Default test -->
  </suite> <!-- Default suite -->
</testng-results>
